{"/home/ced/Projects/css/fast-food-fast/dist/server.js":{"path":"/home/ced/Projects/css/fast-food-fast/dist/server.js","s":{"1":1,"2":1,"3":1,"4":1,"5":1,"6":1,"7":1,"8":1,"9":1,"10":3,"11":1,"12":1,"13":1,"14":1,"15":1,"16":1,"17":1,"18":1,"19":1,"20":1,"21":1,"22":1},"b":{"1":[0,3],"2":[3,3],"3":[1,1]},"f":{"1":3,"2":1},"fnMap":{"1":{"name":"_interopRequireDefault","line":21,"loc":{"start":{"line":21,"column":0},"end":{"line":21,"column":37}}},"2":{"name":"(anonymous_2)","line":41,"loc":{"start":{"line":41,"column":17},"end":{"line":41,"column":29}}}},"statementMap":{"1":{"start":{"line":3,"column":0},"end":{"line":5,"column":3}},"2":{"start":{"line":7,"column":0},"end":{"line":7,"column":34}},"3":{"start":{"line":9,"column":0},"end":{"line":9,"column":49}},"4":{"start":{"line":11,"column":0},"end":{"line":11,"column":41}},"5":{"start":{"line":13,"column":0},"end":{"line":13,"column":55}},"6":{"start":{"line":15,"column":0},"end":{"line":15,"column":32}},"7":{"start":{"line":17,"column":0},"end":{"line":17,"column":47}},"8":{"start":{"line":19,"column":0},"end":{"line":19,"column":34}},"9":{"start":{"line":21,"column":0},"end":{"line":21,"column":95}},"10":{"start":{"line":21,"column":39},"end":{"line":21,"column":93}},"11":{"start":{"line":23,"column":0},"end":{"line":23,"column":35}},"12":{"start":{"line":26,"column":0},"end":{"line":26,"column":38}},"13":{"start":{"line":29,"column":0},"end":{"line":29,"column":37}},"14":{"start":{"line":30,"column":0},"end":{"line":30,"column":61}},"15":{"start":{"line":33,"column":0},"end":{"line":33,"column":38}},"16":{"start":{"line":36,"column":0},"end":{"line":36,"column":41}},"17":{"start":{"line":37,"column":0},"end":{"line":37,"column":38}},"18":{"start":{"line":38,"column":0},"end":{"line":38,"column":38}},"19":{"start":{"line":39,"column":0},"end":{"line":39,"column":38}},"20":{"start":{"line":41,"column":0},"end":{"line":43,"column":3}},"21":{"start":{"line":42,"column":2},"end":{"line":42,"column":53}},"22":{"start":{"line":46,"column":0},"end":{"line":46,"column":22}}},"branchMap":{"1":{"line":21,"type":"cond-expr","locations":[{"start":{"line":21,"column":70},"end":{"line":21,"column":73}},{"start":{"line":21,"column":76},"end":{"line":21,"column":92}}]},"2":{"line":21,"type":"binary-expr","locations":[{"start":{"line":21,"column":46},"end":{"line":21,"column":49}},{"start":{"line":21,"column":53},"end":{"line":21,"column":67}}]},"3":{"line":26,"type":"binary-expr","locations":[{"start":{"line":26,"column":11},"end":{"line":26,"column":27}},{"start":{"line":26,"column":31},"end":{"line":26,"column":37}}]}}},"/home/ced/Projects/css/fast-food-fast/dist/routes/index.js":{"path":"/home/ced/Projects/css/fast-food-fast/dist/routes/index.js","s":{"1":1,"2":1,"3":1,"4":1,"5":1,"6":1,"7":1,"8":1,"9":1,"10":1,"11":1,"12":1,"13":1,"14":1,"15":4},"b":{"1":[4,0],"2":[4,4]},"f":{"1":1,"2":1,"3":1,"4":1,"5":4},"fnMap":{"1":{"name":"get","line":11,"loc":{"start":{"line":11,"column":7},"end":{"line":11,"column":22}}},"2":{"name":"get","line":20,"loc":{"start":{"line":20,"column":7},"end":{"line":20,"column":22}}},"3":{"name":"get","line":29,"loc":{"start":{"line":29,"column":7},"end":{"line":29,"column":22}}},"4":{"name":"get","line":38,"loc":{"start":{"line":38,"column":7},"end":{"line":38,"column":22}}},"5":{"name":"_interopRequireDefault","line":43,"loc":{"start":{"line":43,"column":0},"end":{"line":43,"column":37}}}},"statementMap":{"1":{"start":{"line":3,"column":0},"end":{"line":5,"column":3}},"2":{"start":{"line":7,"column":0},"end":{"line":7,"column":30}},"3":{"start":{"line":9,"column":0},"end":{"line":14,"column":3}},"4":{"start":{"line":12,"column":4},"end":{"line":12,"column":49}},"5":{"start":{"line":16,"column":0},"end":{"line":16,"column":30}},"6":{"start":{"line":18,"column":0},"end":{"line":23,"column":3}},"7":{"start":{"line":21,"column":4},"end":{"line":21,"column":49}},"8":{"start":{"line":25,"column":0},"end":{"line":25,"column":32}},"9":{"start":{"line":27,"column":0},"end":{"line":32,"column":3}},"10":{"start":{"line":30,"column":4},"end":{"line":30,"column":50}},"11":{"start":{"line":34,"column":0},"end":{"line":34,"column":32}},"12":{"start":{"line":36,"column":0},"end":{"line":41,"column":3}},"13":{"start":{"line":39,"column":4},"end":{"line":39,"column":50}},"14":{"start":{"line":43,"column":0},"end":{"line":43,"column":95}},"15":{"start":{"line":43,"column":39},"end":{"line":43,"column":93}}},"branchMap":{"1":{"line":43,"type":"cond-expr","locations":[{"start":{"line":43,"column":70},"end":{"line":43,"column":73}},{"start":{"line":43,"column":76},"end":{"line":43,"column":92}}]},"2":{"line":43,"type":"binary-expr","locations":[{"start":{"line":43,"column":46},"end":{"line":43,"column":49}},{"start":{"line":43,"column":53},"end":{"line":43,"column":67}}]}}},"/home/ced/Projects/css/fast-food-fast/dist/routes/auth.js":{"path":"/home/ced/Projects/css/fast-food-fast/dist/routes/auth.js","s":{"1":1,"2":1,"3":1,"4":1,"5":1,"6":1,"7":1},"b":{"1":[0,1],"2":[1,1]},"f":{"1":1},"fnMap":{"1":{"name":"_interopRequireDefault","line":11,"loc":{"start":{"line":11,"column":0},"end":{"line":11,"column":37}}}},"statementMap":{"1":{"start":{"line":3,"column":0},"end":{"line":5,"column":3}},"2":{"start":{"line":7,"column":0},"end":{"line":7,"column":34}},"3":{"start":{"line":9,"column":0},"end":{"line":9,"column":49}},"4":{"start":{"line":11,"column":0},"end":{"line":11,"column":95}},"5":{"start":{"line":11,"column":39},"end":{"line":11,"column":93}},"6":{"start":{"line":13,"column":0},"end":{"line":13,"column":40}},"7":{"start":{"line":15,"column":0},"end":{"line":15,"column":25}}},"branchMap":{"1":{"line":11,"type":"cond-expr","locations":[{"start":{"line":11,"column":70},"end":{"line":11,"column":73}},{"start":{"line":11,"column":76},"end":{"line":11,"column":92}}]},"2":{"line":11,"type":"binary-expr","locations":[{"start":{"line":11,"column":46},"end":{"line":11,"column":49}},{"start":{"line":11,"column":53},"end":{"line":11,"column":67}}]}}},"/home/ced/Projects/css/fast-food-fast/dist/routes/menu.js":{"path":"/home/ced/Projects/css/fast-food-fast/dist/routes/menu.js","s":{"1":1,"2":1,"3":1,"4":1,"5":1,"6":1,"7":1},"b":{"1":[0,1],"2":[1,1]},"f":{"1":1},"fnMap":{"1":{"name":"_interopRequireDefault","line":11,"loc":{"start":{"line":11,"column":0},"end":{"line":11,"column":37}}}},"statementMap":{"1":{"start":{"line":3,"column":0},"end":{"line":5,"column":3}},"2":{"start":{"line":7,"column":0},"end":{"line":7,"column":34}},"3":{"start":{"line":9,"column":0},"end":{"line":9,"column":49}},"4":{"start":{"line":11,"column":0},"end":{"line":11,"column":95}},"5":{"start":{"line":11,"column":39},"end":{"line":11,"column":93}},"6":{"start":{"line":13,"column":0},"end":{"line":13,"column":40}},"7":{"start":{"line":15,"column":0},"end":{"line":15,"column":25}}},"branchMap":{"1":{"line":11,"type":"cond-expr","locations":[{"start":{"line":11,"column":70},"end":{"line":11,"column":73}},{"start":{"line":11,"column":76},"end":{"line":11,"column":92}}]},"2":{"line":11,"type":"binary-expr","locations":[{"start":{"line":11,"column":46},"end":{"line":11,"column":49}},{"start":{"line":11,"column":53},"end":{"line":11,"column":67}}]}}},"/home/ced/Projects/css/fast-food-fast/dist/routes/order.js":{"path":"/home/ced/Projects/css/fast-food-fast/dist/routes/order.js","s":{"1":1,"2":1,"3":1,"4":1,"5":1,"6":1,"7":1,"8":1,"9":1,"10":3,"11":1,"12":1,"13":1,"14":1,"15":1,"16":0,"17":1,"18":1,"19":2,"20":1,"21":1,"22":1,"23":1,"24":1,"25":1,"26":1,"27":0,"28":1,"29":1,"30":0,"31":0,"32":0,"33":0,"34":0,"35":1,"36":1,"37":1,"38":1,"39":1},"b":{"1":[2,1],"2":[3,3],"3":[0,1],"4":[1,1],"5":[0,1],"6":[0,0]},"f":{"1":3,"2":1,"3":2,"4":1,"5":0,"6":1},"fnMap":{"1":{"name":"_interopRequireDefault","line":21,"loc":{"start":{"line":21,"column":0},"end":{"line":21,"column":37}}},"2":{"name":"(anonymous_2)","line":31,"loc":{"start":{"line":31,"column":16},"end":{"line":31,"column":36}}},"3":{"name":"(anonymous_3)","line":46,"loc":{"start":{"line":46,"column":17},"end":{"line":46,"column":37}}},"4":{"name":"(anonymous_4)","line":58,"loc":{"start":{"line":58,"column":24},"end":{"line":58,"column":44}}},"5":{"name":"(anonymous_5)","line":71,"loc":{"start":{"line":71,"column":24},"end":{"line":71,"column":44}}},"6":{"name":"(anonymous_6)","line":84,"loc":{"start":{"line":84,"column":27},"end":{"line":84,"column":47}}}},"statementMap":{"1":{"start":{"line":3,"column":0},"end":{"line":5,"column":3}},"2":{"start":{"line":7,"column":0},"end":{"line":7,"column":34}},"3":{"start":{"line":9,"column":0},"end":{"line":9,"column":49}},"4":{"start":{"line":11,"column":0},"end":{"line":11,"column":37}},"5":{"start":{"line":13,"column":0},"end":{"line":13,"column":33}},"6":{"start":{"line":15,"column":0},"end":{"line":15,"column":45}},"7":{"start":{"line":17,"column":0},"end":{"line":17,"column":27}},"8":{"start":{"line":19,"column":0},"end":{"line":19,"column":39}},"9":{"start":{"line":21,"column":0},"end":{"line":21,"column":95}},"10":{"start":{"line":21,"column":39},"end":{"line":21,"column":93}},"11":{"start":{"line":23,"column":0},"end":{"line":23,"column":40}},"12":{"start":{"line":26,"column":0},"end":{"line":26,"column":34}},"13":{"start":{"line":31,"column":0},"end":{"line":41,"column":3}},"14":{"start":{"line":32,"column":2},"end":{"line":32,"column":37}},"15":{"start":{"line":39,"column":2},"end":{"line":39,"column":105}},"16":{"start":{"line":39,"column":37},"end":{"line":39,"column":105}},"17":{"start":{"line":40,"column":2},"end":{"line":40,"column":38}},"18":{"start":{"line":46,"column":0},"end":{"line":53,"column":3}},"19":{"start":{"line":48,"column":2},"end":{"line":48,"column":89}},"20":{"start":{"line":48,"column":39},"end":{"line":48,"column":89}},"21":{"start":{"line":50,"column":2},"end":{"line":50,"column":40}},"22":{"start":{"line":52,"column":2},"end":{"line":52,"column":36}},"23":{"start":{"line":58,"column":0},"end":{"line":66,"column":3}},"24":{"start":{"line":60,"column":2},"end":{"line":60,"column":35}},"25":{"start":{"line":62,"column":2},"end":{"line":62,"column":46}},"26":{"start":{"line":63,"column":2},"end":{"line":63,"column":104}},"27":{"start":{"line":63,"column":35},"end":{"line":63,"column":104}},"28":{"start":{"line":65,"column":2},"end":{"line":65,"column":36}},"29":{"start":{"line":71,"column":0},"end":{"line":79,"column":3}},"30":{"start":{"line":73,"column":2},"end":{"line":73,"column":35}},"31":{"start":{"line":76,"column":2},"end":{"line":76,"column":58}},"32":{"start":{"line":77,"column":2},"end":{"line":77,"column":100}},"33":{"start":{"line":77,"column":35},"end":{"line":77,"column":100}},"34":{"start":{"line":78,"column":2},"end":{"line":78,"column":36}},"35":{"start":{"line":84,"column":0},"end":{"line":91,"column":3}},"36":{"start":{"line":86,"column":2},"end":{"line":86,"column":35}},"37":{"start":{"line":89,"column":2},"end":{"line":89,"column":37}},"38":{"start":{"line":90,"column":2},"end":{"line":90,"column":69}},"39":{"start":{"line":93,"column":0},"end":{"line":93,"column":25}}},"branchMap":{"1":{"line":21,"type":"cond-expr","locations":[{"start":{"line":21,"column":70},"end":{"line":21,"column":73}},{"start":{"line":21,"column":76},"end":{"line":21,"column":92}}]},"2":{"line":21,"type":"binary-expr","locations":[{"start":{"line":21,"column":46},"end":{"line":21,"column":49}},{"start":{"line":21,"column":53},"end":{"line":21,"column":67}}]},"3":{"line":39,"type":"if","locations":[{"start":{"line":39,"column":2},"end":{"line":39,"column":2}},{"start":{"line":39,"column":2},"end":{"line":39,"column":2}}]},"4":{"line":48,"type":"if","locations":[{"start":{"line":48,"column":2},"end":{"line":48,"column":2}},{"start":{"line":48,"column":2},"end":{"line":48,"column":2}}]},"5":{"line":63,"type":"if","locations":[{"start":{"line":63,"column":2},"end":{"line":63,"column":2}},{"start":{"line":63,"column":2},"end":{"line":63,"column":2}}]},"6":{"line":77,"type":"if","locations":[{"start":{"line":77,"column":2},"end":{"line":77,"column":2}},{"start":{"line":77,"column":2},"end":{"line":77,"column":2}}]}}},"/home/ced/Projects/css/fast-food-fast/dist/helpers/index.js":{"path":"/home/ced/Projects/css/fast-food-fast/dist/helpers/index.js","s":{"1":1,"2":1,"3":1,"4":1,"5":1,"6":1,"7":4,"8":1,"9":5},"b":{"1":[5,0],"2":[5,5]},"f":{"1":1,"2":4,"3":5},"fnMap":{"1":{"name":"get","line":11,"loc":{"start":{"line":11,"column":7},"end":{"line":11,"column":22}}},"2":{"name":"get","line":20,"loc":{"start":{"line":20,"column":7},"end":{"line":20,"column":22}}},"3":{"name":"_interopRequireDefault","line":25,"loc":{"start":{"line":25,"column":0},"end":{"line":25,"column":37}}}},"statementMap":{"1":{"start":{"line":3,"column":0},"end":{"line":5,"column":3}},"2":{"start":{"line":7,"column":0},"end":{"line":7,"column":40}},"3":{"start":{"line":9,"column":0},"end":{"line":14,"column":3}},"4":{"start":{"line":12,"column":4},"end":{"line":12,"column":54}},"5":{"start":{"line":16,"column":0},"end":{"line":16,"column":32}},"6":{"start":{"line":18,"column":0},"end":{"line":23,"column":3}},"7":{"start":{"line":21,"column":4},"end":{"line":21,"column":50}},"8":{"start":{"line":25,"column":0},"end":{"line":25,"column":95}},"9":{"start":{"line":25,"column":39},"end":{"line":25,"column":93}}},"branchMap":{"1":{"line":25,"type":"cond-expr","locations":[{"start":{"line":25,"column":70},"end":{"line":25,"column":73}},{"start":{"line":25,"column":76},"end":{"line":25,"column":92}}]},"2":{"line":25,"type":"binary-expr","locations":[{"start":{"line":25,"column":46},"end":{"line":25,"column":49}},{"start":{"line":25,"column":53},"end":{"line":25,"column":67}}]}}},"/home/ced/Projects/css/fast-food-fast/dist/helpers/generator.js":{"path":"/home/ced/Projects/css/fast-food-fast/dist/helpers/generator.js","s":{"1":1,"2":1,"3":1,"4":1,"5":1,"6":1,"7":12,"8":12,"9":12,"10":1,"11":1,"12":1,"13":1},"b":{},"f":{"1":1},"fnMap":{"1":{"name":"generator","line":16,"loc":{"start":{"line":16,"column":0},"end":{"line":16,"column":21}}}},"statementMap":{"1":{"start":{"line":3,"column":0},"end":{"line":5,"column":3}},"2":{"start":{"line":7,"column":0},"end":{"line":7,"column":83}},"3":{"start":{"line":10,"column":0},"end":{"line":10,"column":21}},"4":{"start":{"line":13,"column":0},"end":{"line":13,"column":24}},"5":{"start":{"line":16,"column":0},"end":{"line":35,"column":1}},"6":{"start":{"line":18,"column":2},"end":{"line":26,"column":3}},"7":{"start":{"line":20,"column":4},"end":{"line":20,"column":70}},"8":{"start":{"line":22,"column":4},"end":{"line":22,"column":48}},"9":{"start":{"line":25,"column":4},"end":{"line":25,"column":27}},"10":{"start":{"line":28,"column":2},"end":{"line":28,"column":36}},"11":{"start":{"line":31,"column":2},"end":{"line":31,"column":44}},"12":{"start":{"line":34,"column":2},"end":{"line":34,"column":16}},"13":{"start":{"line":37,"column":0},"end":{"line":37,"column":28}}},"branchMap":{}},"/home/ced/Projects/css/fast-food-fast/dist/helpers/empty.js":{"path":"/home/ced/Projects/css/fast-food-fast/dist/helpers/empty.js","s":{"1":1,"2":1,"3":3,"4":0,"5":1,"6":4,"7":0,"8":4,"9":3,"10":1,"11":3,"12":1},"b":{"1":[1,0],"2":[1,1],"3":[0,0],"4":[0,0,0,0],"5":[0,4],"6":[4,1],"7":[3,1],"8":[1,3],"9":[1,2]},"f":{"1":3,"2":0,"3":4},"fnMap":{"1":{"name":"(anonymous_1)","line":7,"loc":{"start":{"line":7,"column":84},"end":{"line":7,"column":99}}},"2":{"name":"(anonymous_2)","line":7,"loc":{"start":{"line":7,"column":124},"end":{"line":7,"column":139}}},"3":{"name":"isEmpty","line":13,"loc":{"start":{"line":13,"column":0},"end":{"line":13,"column":24}}}},"statementMap":{"1":{"start":{"line":3,"column":0},"end":{"line":5,"column":3}},"2":{"start":{"line":7,"column":0},"end":{"line":7,"column":269}},"3":{"start":{"line":7,"column":101},"end":{"line":7,"column":119}},"4":{"start":{"line":7,"column":141},"end":{"line":7,"column":266}},"5":{"start":{"line":13,"column":0},"end":{"line":24,"column":1}},"6":{"start":{"line":14,"column":2},"end":{"line":16,"column":3}},"7":{"start":{"line":15,"column":4},"end":{"line":15,"column":16}},"8":{"start":{"line":18,"column":2},"end":{"line":22,"column":3}},"9":{"start":{"line":19,"column":4},"end":{"line":21,"column":5}},"10":{"start":{"line":20,"column":6},"end":{"line":20,"column":18}},"11":{"start":{"line":23,"column":2},"end":{"line":23,"column":15}},"12":{"start":{"line":26,"column":0},"end":{"line":26,"column":26}}},"branchMap":{"1":{"line":7,"type":"cond-expr","locations":[{"start":{"line":7,"column":84},"end":{"line":7,"column":121}},{"start":{"line":7,"column":124},"end":{"line":7,"column":268}}]},"2":{"line":7,"type":"binary-expr","locations":[{"start":{"line":7,"column":14},"end":{"line":7,"column":42}},{"start":{"line":7,"column":46},"end":{"line":7,"column":81}}]},"3":{"line":7,"type":"cond-expr","locations":[{"start":{"line":7,"column":244},"end":{"line":7,"column":252}},{"start":{"line":7,"column":255},"end":{"line":7,"column":265}}]},"4":{"line":7,"type":"binary-expr","locations":[{"start":{"line":7,"column":148},"end":{"line":7,"column":151}},{"start":{"line":7,"column":155},"end":{"line":7,"column":183}},{"start":{"line":7,"column":187},"end":{"line":7,"column":213}},{"start":{"line":7,"column":217},"end":{"line":7,"column":241}}]},"5":{"line":14,"type":"if","locations":[{"start":{"line":14,"column":2},"end":{"line":14,"column":2}},{"start":{"line":14,"column":2},"end":{"line":14,"column":2}}]},"6":{"line":14,"type":"binary-expr","locations":[{"start":{"line":14,"column":6},"end":{"line":14,"column":26}},{"start":{"line":14,"column":30},"end":{"line":14,"column":43}}]},"7":{"line":18,"type":"if","locations":[{"start":{"line":18,"column":2},"end":{"line":18,"column":2}},{"start":{"line":18,"column":2},"end":{"line":18,"column":2}}]},"8":{"line":18,"type":"cond-expr","locations":[{"start":{"line":18,"column":38},"end":{"line":18,"column":49}},{"start":{"line":18,"column":52},"end":{"line":18,"column":66}}]},"9":{"line":19,"type":"if","locations":[{"start":{"line":19,"column":4},"end":{"line":19,"column":4}},{"start":{"line":19,"column":4},"end":{"line":19,"column":4}}]}}},"/home/ced/Projects/css/fast-food-fast/dist/store.js":{"path":"/home/ced/Projects/css/fast-food-fast/dist/store.js","s":{"1":1,"2":1,"3":1,"4":2,"5":6,"6":6,"7":6,"8":6,"9":6,"10":6,"11":1,"12":1,"13":1,"14":1,"15":1,"16":1,"17":1,"18":1,"19":1,"20":1,"21":1,"22":2,"23":1,"24":2,"25":0,"26":1,"27":1,"28":2,"29":2,"30":1,"31":1,"32":1,"33":1,"34":3,"35":1,"36":1,"37":1,"38":0,"39":0,"40":0,"41":0,"42":0,"43":0,"44":1,"45":2,"46":1,"47":1,"48":1,"49":1,"50":1},"b":{"1":[6,6],"2":[6,0],"3":[1,0],"4":[1,0],"5":[2,0],"6":[2,2],"7":[0,2]},"f":{"1":1,"2":2,"3":1,"4":2,"5":2,"6":1,"7":2,"8":1,"9":3,"10":1,"11":1,"12":0,"13":0,"14":1,"15":2,"16":1},"fnMap":{"1":{"name":"(anonymous_1)","line":7,"loc":{"start":{"line":7,"column":19},"end":{"line":7,"column":31}}},"2":{"name":"defineProperties","line":7,"loc":{"start":{"line":7,"column":33},"end":{"line":7,"column":74}}},"3":{"name":"(anonymous_3)","line":7,"loc":{"start":{"line":7,"column":357},"end":{"line":7,"column":405}}},"4":{"name":"_interopRequireDefault","line":17,"loc":{"start":{"line":17,"column":0},"end":{"line":17,"column":37}}},"5":{"name":"_classCallCheck","line":19,"loc":{"start":{"line":19,"column":0},"end":{"line":19,"column":48}}},"6":{"name":"(anonymous_6)","line":21,"loc":{"start":{"line":21,"column":12},"end":{"line":21,"column":24}}},"7":{"name":"Store","line":22,"loc":{"start":{"line":22,"column":2},"end":{"line":22,"column":19}}},"8":{"name":"storeOrder","line":37,"loc":{"start":{"line":37,"column":11},"end":{"line":37,"column":38}}},"9":{"name":"showAllOrders","line":64,"loc":{"start":{"line":64,"column":11},"end":{"line":64,"column":36}}},"10":{"name":"showSpecificOrder","line":73,"loc":{"start":{"line":73,"column":11},"end":{"line":73,"column":48}}},"11":{"name":"(anonymous_11)","line":74,"loc":{"start":{"line":74,"column":38},"end":{"line":74,"column":55}}},"12":{"name":"updateSpecificOrder","line":85,"loc":{"start":{"line":85,"column":11},"end":{"line":85,"column":57}}},"13":{"name":"(anonymous_13)","line":87,"loc":{"start":{"line":87,"column":44},"end":{"line":87,"column":61}}},"14":{"name":"deleteSpecificOrder","line":121,"loc":{"start":{"line":121,"column":11},"end":{"line":121,"column":50}}},"15":{"name":"(anonymous_15)","line":123,"loc":{"start":{"line":123,"column":44},"end":{"line":123,"column":61}}},"16":{"name":"generateUid","line":133,"loc":{"start":{"line":133,"column":11},"end":{"line":133,"column":34}}}},"statementMap":{"1":{"start":{"line":3,"column":0},"end":{"line":5,"column":3}},"2":{"start":{"line":7,"column":0},"end":{"line":7,"column":564}},"3":{"start":{"line":7,"column":33},"end":{"line":7,"column":349}},"4":{"start":{"line":7,"column":76},"end":{"line":7,"column":347}},"5":{"start":{"line":7,"column":117},"end":{"line":7,"column":143}},"6":{"start":{"line":7,"column":144},"end":{"line":7,"column":199}},"7":{"start":{"line":7,"column":200},"end":{"line":7,"column":231}},"8":{"start":{"line":7,"column":232},"end":{"line":7,"column":286}},"9":{"start":{"line":7,"column":259},"end":{"line":7,"column":286}},"10":{"start":{"line":7,"column":287},"end":{"line":7,"column":345}},"11":{"start":{"line":7,"column":350},"end":{"line":7,"column":559}},"12":{"start":{"line":7,"column":407},"end":{"line":7,"column":475}},"13":{"start":{"line":7,"column":423},"end":{"line":7,"column":475}},"14":{"start":{"line":7,"column":476},"end":{"line":7,"column":536}},"15":{"start":{"line":7,"column":493},"end":{"line":7,"column":536}},"16":{"start":{"line":7,"column":537},"end":{"line":7,"column":556}},"17":{"start":{"line":9,"column":0},"end":{"line":9,"column":36}},"18":{"start":{"line":11,"column":0},"end":{"line":11,"column":49}},"19":{"start":{"line":13,"column":0},"end":{"line":13,"column":38}},"20":{"start":{"line":15,"column":0},"end":{"line":15,"column":51}},"21":{"start":{"line":17,"column":0},"end":{"line":17,"column":95}},"22":{"start":{"line":17,"column":39},"end":{"line":17,"column":93}},"23":{"start":{"line":19,"column":0},"end":{"line":19,"column":153}},"24":{"start":{"line":19,"column":50},"end":{"line":19,"column":151}},"25":{"start":{"line":19,"column":92},"end":{"line":19,"column":149}},"26":{"start":{"line":21,"column":0},"end":{"line":139,"column":4}},"27":{"start":{"line":22,"column":2},"end":{"line":26,"column":3}},"28":{"start":{"line":23,"column":4},"end":{"line":23,"column":33}},"29":{"start":{"line":25,"column":4},"end":{"line":25,"column":38}},"30":{"start":{"line":31,"column":2},"end":{"line":136,"column":6}},"31":{"start":{"line":39,"column":6},"end":{"line":54,"column":8}},"32":{"start":{"line":56,"column":6},"end":{"line":56,"column":29}},"33":{"start":{"line":57,"column":6},"end":{"line":57,"column":24}},"34":{"start":{"line":65,"column":6},"end":{"line":65,"column":24}},"35":{"start":{"line":74,"column":6},"end":{"line":76,"column":9}},"36":{"start":{"line":75,"column":8},"end":{"line":75,"column":43}},"37":{"start":{"line":77,"column":6},"end":{"line":77,"column":23}},"38":{"start":{"line":87,"column":6},"end":{"line":89,"column":9}},"39":{"start":{"line":88,"column":8},"end":{"line":88,"column":43}},"40":{"start":{"line":92,"column":6},"end":{"line":92,"column":55}},"41":{"start":{"line":95,"column":6},"end":{"line":110,"column":8}},"42":{"start":{"line":112,"column":6},"end":{"line":112,"column":29}},"43":{"start":{"line":113,"column":6},"end":{"line":113,"column":19}},"44":{"start":{"line":123,"column":6},"end":{"line":125,"column":9}},"45":{"start":{"line":124,"column":8},"end":{"line":124,"column":43}},"46":{"start":{"line":128,"column":6},"end":{"line":128,"column":39}},"47":{"start":{"line":129,"column":6},"end":{"line":129,"column":18}},"48":{"start":{"line":134,"column":6},"end":{"line":134,"column":38}},"49":{"start":{"line":138,"column":2},"end":{"line":138,"column":15}},"50":{"start":{"line":141,"column":0},"end":{"line":141,"column":24}}},"branchMap":{"1":{"line":7,"type":"binary-expr","locations":[{"start":{"line":7,"column":168},"end":{"line":7,"column":189}},{"start":{"line":7,"column":193},"end":{"line":7,"column":198}}]},"2":{"line":7,"type":"if","locations":[{"start":{"line":7,"column":232},"end":{"line":7,"column":232}},{"start":{"line":7,"column":232},"end":{"line":7,"column":232}}]},"3":{"line":7,"type":"if","locations":[{"start":{"line":7,"column":407},"end":{"line":7,"column":407}},{"start":{"line":7,"column":407},"end":{"line":7,"column":407}}]},"4":{"line":7,"type":"if","locations":[{"start":{"line":7,"column":476},"end":{"line":7,"column":476}},{"start":{"line":7,"column":476},"end":{"line":7,"column":476}}]},"5":{"line":17,"type":"cond-expr","locations":[{"start":{"line":17,"column":70},"end":{"line":17,"column":73}},{"start":{"line":17,"column":76},"end":{"line":17,"column":92}}]},"6":{"line":17,"type":"binary-expr","locations":[{"start":{"line":17,"column":46},"end":{"line":17,"column":49}},{"start":{"line":17,"column":53},"end":{"line":17,"column":67}}]},"7":{"line":19,"type":"if","locations":[{"start":{"line":19,"column":50},"end":{"line":19,"column":50}},{"start":{"line":19,"column":50},"end":{"line":19,"column":50}}]}}},"/home/ced/Projects/css/fast-food-fast/dist/fakeData.js":{"path":"/home/ced/Projects/css/fast-food-fast/dist/fakeData.js","s":{"1":1,"2":1},"b":{},"f":{},"fnMap":{},"statementMap":{"1":{"start":{"line":3,"column":0},"end":{"line":5,"column":3}},"2":{"start":{"line":6,"column":0},"end":{"line":21,"column":2}}},"branchMap":{}},"/home/ced/Projects/css/fast-food-fast/dist/db/index.js":{"path":"/home/ced/Projects/css/fast-food-fast/dist/db/index.js","s":{"1":1,"2":1,"3":1,"4":1,"5":1,"6":1,"7":1,"8":1,"9":0,"10":0,"11":0,"12":0,"13":0,"14":0,"15":1,"16":0,"17":0,"18":0,"19":0,"20":0,"21":0,"22":1,"23":0,"24":0,"25":0,"26":0,"27":0,"28":0,"29":1,"30":0,"31":0,"32":0,"33":0,"34":0,"35":1,"36":0,"37":0,"38":0,"39":0,"40":0,"41":1,"42":1},"b":{"1":[1,0],"2":[1,1]},"f":{"1":1,"2":0,"3":0,"4":0,"5":0,"6":0,"7":0,"8":0,"9":0,"10":0,"11":0,"12":0,"13":0,"14":0,"15":0,"16":0},"fnMap":{"1":{"name":"_interopRequireDefault","line":13,"loc":{"start":{"line":13,"column":0},"end":{"line":13,"column":37}}},"2":{"name":"selectAll","line":19,"loc":{"start":{"line":19,"column":0},"end":{"line":19,"column":30}}},"3":{"name":"(anonymous_3)","line":22,"loc":{"start":{"line":22,"column":15},"end":{"line":22,"column":40}}},"4":{"name":"(anonymous_4)","line":23,"loc":{"start":{"line":23,"column":20},"end":{"line":23,"column":47}}},"5":{"name":"selectById","line":33,"loc":{"start":{"line":33,"column":0},"end":{"line":33,"column":35}}},"6":{"name":"(anonymous_6)","line":36,"loc":{"start":{"line":36,"column":15},"end":{"line":36,"column":40}}},"7":{"name":"(anonymous_7)","line":37,"loc":{"start":{"line":37,"column":26},"end":{"line":37,"column":53}}},"8":{"name":"selectByEmailPassword","line":47,"loc":{"start":{"line":47,"column":0},"end":{"line":47,"column":55}}},"9":{"name":"(anonymous_9)","line":50,"loc":{"start":{"line":50,"column":15},"end":{"line":50,"column":40}}},"10":{"name":"(anonymous_10)","line":51,"loc":{"start":{"line":51,"column":33},"end":{"line":51,"column":60}}},"11":{"name":"updateById","line":61,"loc":{"start":{"line":61,"column":0},"end":{"line":61,"column":35}}},"12":{"name":"(anonymous_12)","line":62,"loc":{"start":{"line":62,"column":15},"end":{"line":62,"column":40}}},"13":{"name":"(anonymous_13)","line":63,"loc":{"start":{"line":63,"column":26},"end":{"line":63,"column":53}}},"14":{"name":"insert","line":73,"loc":{"start":{"line":73,"column":0},"end":{"line":73,"column":40}}},"15":{"name":"(anonymous_15)","line":74,"loc":{"start":{"line":74,"column":15},"end":{"line":74,"column":40}}},"16":{"name":"(anonymous_16)","line":75,"loc":{"start":{"line":75,"column":33},"end":{"line":75,"column":60}}}},"statementMap":{"1":{"start":{"line":3,"column":0},"end":{"line":5,"column":3}},"2":{"start":{"line":7,"column":0},"end":{"line":7,"column":24}},"3":{"start":{"line":9,"column":0},"end":{"line":9,"column":35}},"4":{"start":{"line":11,"column":0},"end":{"line":11,"column":47}},"5":{"start":{"line":13,"column":0},"end":{"line":13,"column":95}},"6":{"start":{"line":13,"column":39},"end":{"line":13,"column":93}},"7":{"start":{"line":15,"column":0},"end":{"line":15,"column":52}},"8":{"start":{"line":19,"column":0},"end":{"line":29,"column":1}},"9":{"start":{"line":20,"column":2},"end":{"line":20,"column":39}},"10":{"start":{"line":22,"column":2},"end":{"line":28,"column":5}},"11":{"start":{"line":23,"column":4},"end":{"line":27,"column":7}},"12":{"start":{"line":24,"column":6},"end":{"line":24,"column":13}},"13":{"start":{"line":25,"column":6},"end":{"line":25,"column":17}},"14":{"start":{"line":26,"column":6},"end":{"line":26,"column":26}},"15":{"start":{"line":33,"column":0},"end":{"line":43,"column":1}},"16":{"start":{"line":34,"column":2},"end":{"line":34,"column":56}},"17":{"start":{"line":36,"column":2},"end":{"line":42,"column":5}},"18":{"start":{"line":37,"column":4},"end":{"line":41,"column":7}},"19":{"start":{"line":38,"column":6},"end":{"line":38,"column":13}},"20":{"start":{"line":39,"column":6},"end":{"line":39,"column":17}},"21":{"start":{"line":40,"column":6},"end":{"line":40,"column":26}},"22":{"start":{"line":47,"column":0},"end":{"line":57,"column":1}},"23":{"start":{"line":48,"column":2},"end":{"line":48,"column":75}},"24":{"start":{"line":50,"column":2},"end":{"line":56,"column":5}},"25":{"start":{"line":51,"column":4},"end":{"line":55,"column":7}},"26":{"start":{"line":52,"column":6},"end":{"line":52,"column":13}},"27":{"start":{"line":53,"column":6},"end":{"line":53,"column":17}},"28":{"start":{"line":54,"column":6},"end":{"line":54,"column":26}},"29":{"start":{"line":61,"column":0},"end":{"line":69,"column":1}},"30":{"start":{"line":62,"column":2},"end":{"line":68,"column":5}},"31":{"start":{"line":63,"column":4},"end":{"line":67,"column":7}},"32":{"start":{"line":64,"column":6},"end":{"line":64,"column":13}},"33":{"start":{"line":65,"column":6},"end":{"line":65,"column":17}},"34":{"start":{"line":66,"column":6},"end":{"line":66,"column":26}},"35":{"start":{"line":73,"column":0},"end":{"line":81,"column":1}},"36":{"start":{"line":74,"column":2},"end":{"line":80,"column":5}},"37":{"start":{"line":75,"column":4},"end":{"line":79,"column":7}},"38":{"start":{"line":76,"column":6},"end":{"line":76,"column":13}},"39":{"start":{"line":77,"column":6},"end":{"line":77,"column":17}},"40":{"start":{"line":78,"column":6},"end":{"line":78,"column":26}},"41":{"start":{"line":83,"column":0},"end":{"line":89,"column":2}},"42":{"start":{"line":91,"column":0},"end":{"line":91,"column":21}}},"branchMap":{"1":{"line":13,"type":"cond-expr","locations":[{"start":{"line":13,"column":70},"end":{"line":13,"column":73}},{"start":{"line":13,"column":76},"end":{"line":13,"column":92}}]},"2":{"line":13,"type":"binary-expr","locations":[{"start":{"line":13,"column":46},"end":{"line":13,"column":49}},{"start":{"line":13,"column":53},"end":{"line":13,"column":67}}]}}},"/home/ced/Projects/css/fast-food-fast/dist/config/index.js":{"path":"/home/ced/Projects/css/fast-food-fast/dist/config/index.js","s":{"1":1,"2":1,"3":1},"b":{},"f":{},"fnMap":{},"statementMap":{"1":{"start":{"line":3,"column":0},"end":{"line":5,"column":3}},"2":{"start":{"line":6,"column":0},"end":{"line":16,"column":2}},"3":{"start":{"line":18,"column":0},"end":{"line":18,"column":25}}},"branchMap":{}},"/home/ced/Projects/css/fast-food-fast/dist/routes/users.js":{"path":"/home/ced/Projects/css/fast-food-fast/dist/routes/users.js","s":{"1":1,"2":1,"3":1,"4":1,"5":1,"6":1,"7":1,"8":1,"9":1,"10":1},"b":{"1":[0,1],"2":[1,1]},"f":{"1":1,"2":1},"fnMap":{"1":{"name":"_interopRequireDefault","line":11,"loc":{"start":{"line":11,"column":0},"end":{"line":11,"column":37}}},"2":{"name":"(anonymous_2)","line":18,"loc":{"start":{"line":18,"column":30},"end":{"line":18,"column":50}}}},"statementMap":{"1":{"start":{"line":3,"column":0},"end":{"line":5,"column":3}},"2":{"start":{"line":7,"column":0},"end":{"line":7,"column":34}},"3":{"start":{"line":9,"column":0},"end":{"line":9,"column":49}},"4":{"start":{"line":11,"column":0},"end":{"line":11,"column":95}},"5":{"start":{"line":11,"column":39},"end":{"line":11,"column":93}},"6":{"start":{"line":13,"column":0},"end":{"line":13,"column":40}},"7":{"start":{"line":18,"column":0},"end":{"line":22,"column":3}},"8":{"start":{"line":19,"column":2},"end":{"line":19,"column":33}},"9":{"start":{"line":21,"column":2},"end":{"line":21,"column":38}},"10":{"start":{"line":24,"column":0},"end":{"line":24,"column":25}}},"branchMap":{"1":{"line":11,"type":"cond-expr","locations":[{"start":{"line":11,"column":70},"end":{"line":11,"column":73}},{"start":{"line":11,"column":76},"end":{"line":11,"column":92}}]},"2":{"line":11,"type":"binary-expr","locations":[{"start":{"line":11,"column":46},"end":{"line":11,"column":49}},{"start":{"line":11,"column":53},"end":{"line":11,"column":67}}]}}}}