TN:
SF:/home/ced/Projects/css/fast-food-fast/dist/server.js
FN:29,_interopRequireDefault
FN:52,(anonymous_2)
FN:55,(anonymous_3)
FNF:3
FNH:2
FNDA:5,_interopRequireDefault
FNDA:0,(anonymous_2)
FNDA:1,(anonymous_3)
DA:3,1
DA:7,1
DA:9,1
DA:11,1
DA:13,1
DA:15,1
DA:17,1
DA:19,1
DA:21,1
DA:23,1
DA:25,1
DA:27,1
DA:29,5
DA:31,1
DA:33,1
DA:36,1
DA:39,1
DA:40,1
DA:43,1
DA:45,1
DA:48,1
DA:49,1
DA:50,1
DA:51,1
DA:52,1
DA:53,0
DA:55,1
DA:56,1
DA:60,1
LF:29
LH:28
BRDA:29,1,0,0
BRDA:29,1,1,5
BRDA:29,2,0,5
BRDA:29,2,1,5
BRDA:36,3,0,1
BRDA:36,3,1,1
BRF:6
BRH:5
end_of_record
TN:
SF:/home/ced/Projects/css/fast-food-fast/dist/routes/index.js
FN:11,get
FN:20,get
FN:29,get
FN:38,get
FN:43,_interopRequireDefault
FNF:5
FNH:5
FNDA:1,get
FNDA:1,get
FNDA:1,get
FNDA:1,get
FNDA:4,_interopRequireDefault
DA:3,1
DA:7,1
DA:9,1
DA:12,1
DA:16,1
DA:18,1
DA:21,1
DA:25,1
DA:27,1
DA:30,1
DA:34,1
DA:36,1
DA:39,1
DA:43,4
LF:14
LH:14
BRDA:43,1,0,4
BRDA:43,1,1,0
BRDA:43,2,0,4
BRDA:43,2,1,4
BRF:4
BRH:3
end_of_record
TN:
SF:/home/ced/Projects/css/fast-food-fast/dist/routes/auth.js
FN:15,_interopRequireDefault
FNF:1
FNH:1
FNDA:2,_interopRequireDefault
DA:3,1
DA:7,1
DA:9,1
DA:11,1
DA:13,1
DA:15,2
DA:17,1
DA:22,1
DA:23,1
DA:25,1
LF:10
LH:10
BRDA:15,1,0,1
BRDA:15,1,1,1
BRDA:15,2,0,2
BRDA:15,2,1,2
BRF:4
BRH:4
end_of_record
TN:
SF:/home/ced/Projects/css/fast-food-fast/dist/controllers/index.js
FN:11,get
FN:20,get
FN:29,get
FN:38,get
FN:43,_interopRequireDefault
FNF:5
FNH:5
FNDA:2,get
FNDA:2,get
FNDA:1,get
FNDA:5,get
FNDA:10,_interopRequireDefault
DA:3,1
DA:7,1
DA:9,1
DA:12,2
DA:16,1
DA:18,1
DA:21,2
DA:25,1
DA:27,1
DA:30,1
DA:34,1
DA:36,1
DA:39,5
DA:43,10
LF:14
LH:14
BRDA:43,1,0,10
BRDA:43,1,1,0
BRDA:43,2,0,10
BRDA:43,2,1,10
BRF:4
BRH:3
end_of_record
TN:
SF:/home/ced/Projects/css/fast-food-fast/dist/controllers/authController.js
FN:7,(anonymous_1)
FN:7,defineProperties
FN:7,(anonymous_3)
FN:17,_interopRequireDefault
FN:19,_classCallCheck
FN:26,(anonymous_6)
FN:27,Authentication
FN:37,JWT_GENERATE
FN:47,SLUG_GENERATE
FN:57,HASH_PASSWORD
FN:67,GET_PASSWORD
FN:69,(anonymous_12)
FN:82,VERIFY_PASSWORD
FN:83,(anonymous_14)
FN:97,signup
FN:111,(anonymous_16)
FN:120,(anonymous_17)
FN:131,login
FN:138,(anonymous_19)
FN:144,(anonymous_20)
FN:157,(anonymous_21)
FNF:21
FNH:14
FNDA:1,(anonymous_1)
FNDA:1,defineProperties
FNDA:1,(anonymous_3)
FNDA:2,_interopRequireDefault
FNDA:0,_classCallCheck
FNDA:1,(anonymous_6)
FNDA:0,Authentication
FNDA:3,JWT_GENERATE
FNDA:0,SLUG_GENERATE
FNDA:0,HASH_PASSWORD
FNDA:4,GET_PASSWORD
FNDA:4,(anonymous_12)
FNDA:4,VERIFY_PASSWORD
FNDA:3,(anonymous_14)
FNDA:0,signup
FNDA:0,(anonymous_16)
FNDA:0,(anonymous_17)
FNDA:4,login
FNDA:3,(anonymous_19)
FNDA:4,(anonymous_20)
FNDA:1,(anonymous_21)
DA:3,1
DA:7,7
DA:9,1
DA:11,1
DA:13,1
DA:15,1
DA:17,2
DA:19,1
DA:22,1
DA:26,1
DA:27,1
DA:28,0
DA:31,1
DA:38,3
DA:48,0
DA:58,0
DA:68,4
DA:69,4
DA:70,4
DA:71,3
DA:72,3
DA:83,4
DA:84,3
DA:85,3
DA:86,3
DA:87,3
DA:98,0
DA:104,0
DA:107,0
DA:109,0
DA:110,0
DA:111,0
DA:112,0
DA:118,0
DA:119,0
DA:121,0
DA:133,4
DA:138,4
DA:139,3
DA:140,2
DA:143,4
DA:144,4
DA:145,4
DA:146,1
DA:148,3
DA:155,3
DA:156,3
DA:158,1
DA:160,4
DA:164,1
DA:167,1
LF:51
LH:38
BRDA:7,1,0,7
BRDA:7,1,1,7
BRDA:7,2,0,7
BRDA:7,2,1,0
BRDA:7,3,0,0
BRDA:7,3,1,1
BRDA:7,4,0,1
BRDA:7,4,1,0
BRDA:17,5,0,2
BRDA:17,5,1,0
BRDA:17,6,0,2
BRDA:17,6,1,2
BRDA:19,7,0,0
BRDA:19,7,1,0
BRDA:70,8,0,1
BRDA:70,8,1,3
BRDA:84,9,0,0
BRDA:84,9,1,3
BRDA:139,10,0,1
BRDA:139,10,1,2
BRDA:145,11,0,1
BRDA:145,11,1,3
BRF:22
BRH:15
end_of_record
TN:
SF:/home/ced/Projects/css/fast-food-fast/dist/helpers/index.js
FN:11,get
FN:20,get
FN:29,get
FN:38,get
FN:47,get
FN:56,get
FN:65,get
FN:70,_interopRequireDefault
FNF:8
FNH:6
FNDA:3,get
FNDA:0,get
FNDA:0,get
FNDA:3,get
FNDA:10,get
FNDA:3,get
FNDA:2,get
FNDA:21,_interopRequireDefault
DA:3,1
DA:7,1
DA:9,1
DA:12,3
DA:16,1
DA:18,1
DA:21,0
DA:25,1
DA:27,1
DA:30,0
DA:34,1
DA:36,1
DA:39,3
DA:43,1
DA:45,1
DA:48,10
DA:52,1
DA:54,1
DA:57,3
DA:61,1
DA:63,1
DA:66,2
DA:70,21
DA:74,1
DA:75,1
DA:76,1
DA:77,1
DA:78,1
DA:79,1
DA:80,1
DA:81,1
DA:82,1
DA:83,1
DA:84,1
LF:34
LH:32
BRDA:70,1,0,21
BRDA:70,1,1,0
BRDA:70,2,0,21
BRDA:70,2,1,21
BRF:4
BRH:3
end_of_record
TN:
SF:/home/ced/Projects/css/fast-food-fast/dist/helpers/generator.js
FN:16,generator
FNF:1
FNH:1
FNDA:3,generator
DA:3,1
DA:7,1
DA:10,1
DA:13,1
DA:16,1
DA:18,3
DA:20,36
DA:22,36
DA:25,36
DA:28,3
DA:31,3
DA:34,3
DA:37,1
LF:13
LH:13
BRF:0
BRH:0
end_of_record
TN:
SF:/home/ced/Projects/css/fast-food-fast/dist/helpers/empty.js
FN:7,(anonymous_1)
FN:7,(anonymous_2)
FN:13,isEmpty
FNF:3
FNH:0
FNDA:0,(anonymous_1)
FNDA:0,(anonymous_2)
FNDA:0,isEmpty
DA:3,1
DA:7,1
DA:13,1
DA:14,0
DA:15,0
DA:18,0
DA:19,0
DA:20,0
DA:23,0
DA:26,1
LF:10
LH:4
BRDA:7,1,0,1
BRDA:7,1,1,0
BRDA:7,2,0,1
BRDA:7,2,1,1
BRDA:7,3,0,0
BRDA:7,3,1,0
BRDA:7,4,0,0
BRDA:7,4,1,0
BRDA:7,4,2,0
BRDA:7,4,3,0
BRDA:14,5,0,0
BRDA:14,5,1,0
BRDA:14,6,0,0
BRDA:14,6,1,0
BRDA:18,7,0,0
BRDA:18,7,1,0
BRDA:18,8,0,0
BRDA:18,8,1,0
BRDA:19,9,0,0
BRDA:19,9,1,0
BRF:20
BRH:3
end_of_record
TN:
SF:/home/ced/Projects/css/fast-food-fast/dist/helpers/hashPassword.js
FN:11,_interopRequireDefault
FN:16,hash
FNF:2
FNH:1
FNDA:1,_interopRequireDefault
FNDA:0,hash
DA:3,1
DA:7,1
DA:9,1
DA:11,1
DA:13,1
DA:16,1
DA:17,0
DA:18,0
DA:19,0
DA:22,1
LF:10
LH:7
BRDA:11,1,0,0
BRDA:11,1,1,1
BRDA:11,2,0,1
BRDA:11,2,1,1
BRF:4
BRH:3
end_of_record
TN:
SF:/home/ced/Projects/css/fast-food-fast/dist/helpers/generateToken.js
FN:15,_interopRequireDefault
FN:25,tokenGenerate
FNF:2
FNH:2
FNDA:2,_interopRequireDefault
FNDA:3,tokenGenerate
DA:3,1
DA:7,1
DA:9,1
DA:11,1
DA:13,1
DA:15,2
DA:17,1
DA:20,1
DA:22,1
DA:25,1
DA:26,3
DA:27,3
DA:30,1
LF:13
LH:13
BRDA:15,1,0,0
BRDA:15,1,1,2
BRDA:15,2,0,2
BRDA:15,2,1,2
BRF:4
BRH:3
end_of_record
TN:
SF:/home/ced/Projects/css/fast-food-fast/dist/helpers/verifyToken.js
FN:15,_interopRequireDefault
FN:22,verify
FNF:2
FNH:2
FNDA:2,_interopRequireDefault
FNDA:10,verify
DA:3,1
DA:7,1
DA:9,1
DA:11,1
DA:13,1
DA:15,2
DA:17,1
DA:19,1
DA:22,1
DA:23,10
DA:24,10
DA:27,1
LF:12
LH:12
BRDA:15,1,0,0
BRDA:15,1,1,2
BRDA:15,2,0,2
BRDA:15,2,1,2
BRF:4
BRH:3
end_of_record
TN:
SF:/home/ced/Projects/css/fast-food-fast/dist/helpers/verifyPassword.js
FN:11,_interopRequireDefault
FN:13,verify
FNF:2
FNH:2
FNDA:1,_interopRequireDefault
FNDA:3,verify
DA:3,1
DA:7,1
DA:9,1
DA:11,1
DA:13,1
DA:14,3
DA:15,3
DA:18,1
LF:8
LH:8
BRDA:11,1,0,0
BRDA:11,1,1,1
BRDA:11,2,0,1
BRDA:11,2,1,1
BRF:4
BRH:3
end_of_record
TN:
SF:/home/ced/Projects/css/fast-food-fast/dist/helpers/errorHandler.js
FN:7,errorHandler
FNF:1
FNH:1
FNDA:2,errorHandler
DA:3,1
DA:7,1
DA:8,2
DA:10,2
DA:16,1
LF:5
LH:5
BRDA:8,1,0,2
BRDA:8,1,1,0
BRDA:8,2,0,2
BRDA:8,2,1,2
BRF:4
BRH:3
end_of_record
TN:
SF:/home/ced/Projects/css/fast-food-fast/dist/db/connection.js
FN:13,_interopRequireDefault
FNF:1
FNH:1
FNDA:1,_interopRequireDefault
DA:3,1
DA:7,1
DA:9,1
DA:11,1
DA:13,1
DA:15,1
DA:19,1
LF:7
LH:7
BRDA:13,1,0,1
BRDA:13,1,1,0
BRDA:13,2,0,1
BRDA:13,2,1,1
BRF:4
BRH:3
end_of_record
TN:
SF:/home/ced/Projects/css/fast-food-fast/dist/config/index.js
FNF:0
FNH:0
DA:3,1
DA:6,1
DA:18,1
LF:3
LH:3
BRF:0
BRH:0
end_of_record
TN:
SF:/home/ced/Projects/css/fast-food-fast/dist/controllers/menuController.js
FN:7,(anonymous_1)
FN:7,defineProperties
FN:7,(anonymous_3)
FN:15,_interopRequireDefault
FN:17,_classCallCheck
FN:24,(anonymous_6)
FN:25,Menu
FN:35,post
FN:43,(anonymous_9)
FN:45,(anonymous_10)
FN:57,handleResponse
FN:69,get
FN:71,(anonymous_13)
FN:73,(anonymous_14)
FNF:14
FNH:5
FNDA:1,(anonymous_1)
FNDA:1,defineProperties
FNDA:1,(anonymous_3)
FNDA:1,_interopRequireDefault
FNDA:0,_classCallCheck
FNDA:1,(anonymous_6)
FNDA:0,Menu
FNDA:0,post
FNDA:0,(anonymous_9)
FNDA:0,(anonymous_10)
FNDA:0,handleResponse
FNDA:0,get
FNDA:0,(anonymous_13)
FNDA:0,(anonymous_14)
DA:3,1
DA:7,3
DA:9,1
DA:11,1
DA:13,1
DA:15,1
DA:17,1
DA:20,1
DA:24,1
DA:25,1
DA:26,0
DA:29,1
DA:36,0
DA:42,0
DA:43,0
DA:44,0
DA:46,0
DA:48,0
DA:58,0
DA:60,0
DA:70,0
DA:71,0
DA:72,0
DA:74,0
DA:79,1
DA:82,1
LF:26
LH:13
BRDA:7,1,0,3
BRDA:7,1,1,3
BRDA:7,2,0,3
BRDA:7,2,1,0
BRDA:7,3,0,0
BRDA:7,3,1,1
BRDA:7,4,0,1
BRDA:7,4,1,0
BRDA:15,5,0,1
BRDA:15,5,1,0
BRDA:15,6,0,1
BRDA:15,6,1,1
BRDA:17,7,0,0
BRDA:17,7,1,0
BRDA:58,8,0,0
BRDA:58,8,1,0
BRDA:58,9,0,0
BRDA:58,9,1,0
BRF:18
BRH:8
end_of_record
TN:
SF:/home/ced/Projects/css/fast-food-fast/dist/controllers/userController.js
FN:7,(anonymous_1)
FN:7,defineProperties
FN:7,(anonymous_3)
FN:15,_interopRequireDefault
FN:17,_classCallCheck
FN:22,(anonymous_6)
FN:23,User
FN:29,getUserID
FN:31,(anonymous_9)
FN:33,(anonymous_10)
FN:39,myOrderHistory
FN:45,(anonymous_12)
FN:48,(anonymous_13)
FN:54,handleResponse
FNF:14
FNH:5
FNDA:1,(anonymous_1)
FNDA:1,defineProperties
FNDA:1,(anonymous_3)
FNDA:1,_interopRequireDefault
FNDA:0,_classCallCheck
FNDA:1,(anonymous_6)
FNDA:0,User
FNDA:0,getUserID
FNDA:0,(anonymous_9)
FNDA:0,(anonymous_10)
FNDA:0,myOrderHistory
FNDA:0,(anonymous_12)
FNDA:0,(anonymous_13)
FNDA:0,handleResponse
DA:3,1
DA:7,3
DA:9,1
DA:11,1
DA:13,1
DA:15,1
DA:17,1
DA:20,1
DA:22,1
DA:23,1
DA:24,0
DA:27,1
DA:30,0
DA:31,0
DA:32,0
DA:34,0
DA:40,0
DA:42,0
DA:43,0
DA:45,0
DA:46,0
DA:47,0
DA:49,0
DA:55,0
DA:56,0
DA:60,1
DA:63,1
LF:27
LH:13
BRDA:7,1,0,3
BRDA:7,1,1,3
BRDA:7,2,0,3
BRDA:7,2,1,0
BRDA:7,3,0,0
BRDA:7,3,1,1
BRDA:7,4,0,1
BRDA:7,4,1,0
BRDA:15,5,0,1
BRDA:15,5,1,0
BRDA:15,6,0,1
BRDA:15,6,1,1
BRDA:17,7,0,0
BRDA:17,7,1,0
BRDA:46,8,0,0
BRDA:46,8,1,0
BRDA:55,9,0,0
BRDA:55,9,1,0
BRF:18
BRH:8
end_of_record
TN:
SF:/home/ced/Projects/css/fast-food-fast/dist/controllers/orderController.js
FN:7,(anonymous_1)
FN:7,defineProperties
FN:7,(anonymous_3)
FN:17,_interopRequireDefault
FN:19,_classCallCheck
FN:21,(anonymous_6)
FN:22,Order
FN:28,showAllOrders
FN:30,(anonymous_9)
FN:33,(anonymous_10)
FN:39,getSpecificOrder
FN:43,(anonymous_12)
FN:46,(anonymous_13)
FN:52,updateSpecificOrder
FN:57,(anonymous_15)
FN:60,(anonymous_16)
FN:66,deleteSpecificOrder
FN:70,(anonymous_18)
FN:72,(anonymous_19)
FN:78,placeOrder
FN:92,(anonymous_21)
FN:94,(anonymous_22)
FNF:22
FNH:16
FNDA:1,(anonymous_1)
FNDA:1,defineProperties
FNDA:1,(anonymous_3)
FNDA:2,_interopRequireDefault
FNDA:0,_classCallCheck
FNDA:1,(anonymous_6)
FNDA:0,Order
FNDA:2,showAllOrders
FNDA:2,(anonymous_9)
FNDA:0,(anonymous_10)
FNDA:2,getSpecificOrder
FNDA:2,(anonymous_12)
FNDA:0,(anonymous_13)
FNDA:2,updateSpecificOrder
FNDA:2,(anonymous_15)
FNDA:0,(anonymous_16)
FNDA:1,deleteSpecificOrder
FNDA:1,(anonymous_18)
FNDA:0,(anonymous_19)
FNDA:3,placeOrder
FNDA:2,(anonymous_21)
FNDA:1,(anonymous_22)
DA:3,1
DA:7,5
DA:9,1
DA:11,1
DA:13,1
DA:15,1
DA:17,2
DA:19,1
DA:21,1
DA:22,1
DA:23,0
DA:26,1
DA:29,2
DA:30,2
DA:31,2
DA:32,1
DA:34,0
DA:40,2
DA:42,2
DA:43,2
DA:44,2
DA:45,1
DA:47,0
DA:53,2
DA:54,2
DA:56,2
DA:57,2
DA:58,2
DA:59,1
DA:61,0
DA:67,1
DA:69,1
DA:70,1
DA:71,1
DA:73,0
DA:79,3
DA:84,3
DA:87,3
DA:88,3
DA:89,3
DA:91,3
DA:92,3
DA:93,2
DA:95,1
DA:100,1
DA:103,1
LF:46
LH:41
BRDA:7,1,0,5
BRDA:7,1,1,5
BRDA:7,2,0,5
BRDA:7,2,1,0
BRDA:7,3,0,0
BRDA:7,3,1,1
BRDA:7,4,0,1
BRDA:7,4,1,0
BRDA:17,5,0,2
BRDA:17,5,1,0
BRDA:17,6,0,2
BRDA:17,6,1,2
BRDA:19,7,0,0
BRDA:19,7,1,0
BRDA:31,8,0,1
BRDA:31,8,1,1
BRDA:44,9,0,1
BRDA:44,9,1,1
BRDA:58,10,0,1
BRDA:58,10,1,1
BRDA:87,11,0,3
BRDA:87,11,1,3
BRF:22
BRH:16
end_of_record
TN:
SF:/home/ced/Projects/css/fast-food-fast/dist/routes/menu.js
FN:17,_interopRequireDefault
FNF:1
FNH:1
FNDA:2,_interopRequireDefault
DA:3,1
DA:7,1
DA:9,1
DA:11,1
DA:13,1
DA:15,1
DA:17,2
DA:19,1
DA:24,1
DA:29,1
DA:31,1
LF:11
LH:11
BRDA:17,1,0,1
BRDA:17,1,1,1
BRDA:17,2,0,2
BRDA:17,2,1,2
BRF:4
BRH:4
end_of_record
TN:
SF:/home/ced/Projects/css/fast-food-fast/dist/middlewares/index.js
FN:11,get
FN:16,_interopRequireDefault
FNF:2
FNH:2
FNDA:5,get
FNDA:5,_interopRequireDefault
DA:3,1
DA:7,1
DA:9,1
DA:12,5
DA:16,5
LF:5
LH:5
BRDA:16,1,0,5
BRDA:16,1,1,0
BRDA:16,2,0,5
BRDA:16,2,1,5
BRF:4
BRH:3
end_of_record
TN:
SF:/home/ced/Projects/css/fast-food-fast/dist/middlewares/Authorization.js
FN:7,(anonymous_1)
FN:7,defineProperties
FN:7,(anonymous_3)
FN:11,_classCallCheck
FN:15,(anonymous_5)
FN:16,Authorization
FN:26,JWT_VERIFY
FN:31,isAdmin
FNF:8
FNH:6
FNDA:1,(anonymous_1)
FNDA:1,defineProperties
FNDA:1,(anonymous_3)
FNDA:0,_classCallCheck
FNDA:1,(anonymous_5)
FNDA:0,Authorization
FNDA:7,JWT_VERIFY
FNDA:7,isAdmin
DA:3,1
DA:7,2
DA:9,1
DA:11,1
DA:13,1
DA:15,1
DA:16,1
DA:17,0
DA:20,1
DA:27,7
DA:32,7
DA:33,7
DA:34,7
DA:35,7
DA:36,7
DA:40,1
DA:43,1
LF:17
LH:16
BRDA:7,1,0,2
BRDA:7,1,1,2
BRDA:7,2,0,2
BRDA:7,2,1,0
BRDA:7,3,0,0
BRDA:7,3,1,1
BRDA:7,4,0,1
BRDA:7,4,1,0
BRDA:11,5,0,0
BRDA:11,5,1,0
BRDA:32,6,0,7
BRDA:32,6,1,7
BRDA:33,7,0,0
BRDA:33,7,1,7
BRDA:33,8,0,7
BRDA:33,8,1,7
BRDA:35,9,0,0
BRDA:35,9,1,7
BRF:18
BRH:11
end_of_record
TN:
SF:/home/ced/Projects/css/fast-food-fast/dist/routes/order.js
FN:17,_interopRequireDefault
FNF:1
FNH:1
FNDA:2,_interopRequireDefault
DA:3,1
DA:7,1
DA:9,1
DA:11,1
DA:13,1
DA:15,1
DA:17,2
DA:19,1
DA:24,1
DA:29,1
DA:34,1
DA:39,1
DA:44,1
DA:46,1
LF:14
LH:14
BRDA:17,1,0,1
BRDA:17,1,1,1
BRDA:17,2,0,2
BRDA:17,2,1,2
BRF:4
BRH:4
end_of_record
TN:
SF:/home/ced/Projects/css/fast-food-fast/dist/routes/users.js
FN:13,_interopRequireDefault
FNF:1
FNH:1
FNDA:1,_interopRequireDefault
DA:3,1
DA:7,1
DA:9,1
DA:11,1
DA:13,1
DA:15,1
DA:20,1
DA:22,1
LF:8
LH:8
BRDA:13,1,0,0
BRDA:13,1,1,1
BRDA:13,2,0,1
BRDA:13,2,1,1
BRF:4
BRH:3
end_of_record
TN:
SF:/home/ced/Projects/css/fast-food-fast/dist/store.js
FN:7,(anonymous_1)
FN:7,defineProperties
FN:7,(anonymous_3)
FN:17,_interopRequireDefault
FN:19,_classCallCheck
FN:21,(anonymous_6)
FN:22,Store
FN:37,storeOrder
FN:64,showAllOrders
FN:73,showSpecificOrder
FN:74,(anonymous_11)
FN:85,updateSpecificOrder
FN:87,(anonymous_13)
FN:121,deleteSpecificOrder
FN:123,(anonymous_15)
FN:133,generateUid
FNF:16
FNH:8
FNDA:1,(anonymous_1)
FNDA:2,defineProperties
FNDA:1,(anonymous_3)
FNDA:2,_interopRequireDefault
FNDA:1,_classCallCheck
FNDA:1,(anonymous_6)
FNDA:1,Store
FNDA:0,storeOrder
FNDA:2,showAllOrders
FNDA:0,showSpecificOrder
FNDA:0,(anonymous_11)
FNDA:0,updateSpecificOrder
FNDA:0,(anonymous_13)
FNDA:0,deleteSpecificOrder
FNDA:0,(anonymous_15)
FNDA:0,generateUid
DA:3,1
DA:7,6
DA:9,1
DA:11,1
DA:13,1
DA:15,1
DA:17,2
DA:19,1
DA:21,1
DA:22,1
DA:23,1
DA:25,1
DA:31,1
DA:39,0
DA:56,0
DA:57,0
DA:65,2
DA:74,0
DA:75,0
DA:77,0
DA:87,0
DA:88,0
DA:92,0
DA:95,0
DA:112,0
DA:113,0
DA:123,0
DA:124,0
DA:128,0
DA:129,0
DA:134,0
DA:138,1
DA:141,1
LF:33
LH:16
BRDA:7,1,0,6
BRDA:7,1,1,6
BRDA:7,2,0,6
BRDA:7,2,1,0
BRDA:7,3,0,1
BRDA:7,3,1,0
BRDA:7,4,0,1
BRDA:7,4,1,0
BRDA:17,5,0,2
BRDA:17,5,1,0
BRDA:17,6,0,2
BRDA:17,6,1,2
BRDA:19,7,0,0
BRDA:19,7,1,1
BRF:14
BRH:9
end_of_record
TN:
SF:/home/ced/Projects/css/fast-food-fast/dist/fakeData.js
FNF:0
FNH:0
DA:3,1
DA:6,1
LF:2
LH:2
BRF:0
BRH:0
end_of_record
