TN:
SF:/home/ced/Projects/css/fast-food-fast/dist/server.js
FN:21,_interopRequireDefault
FN:41,(anonymous_2)
FNF:2
FNH:2
FNDA:3,_interopRequireDefault
FNDA:1,(anonymous_2)
DA:3,1
DA:7,1
DA:9,1
DA:11,1
DA:13,1
DA:15,1
DA:17,1
DA:19,1
DA:21,3
DA:23,1
DA:26,1
DA:29,1
DA:30,1
DA:33,1
DA:36,1
DA:37,1
DA:38,1
DA:39,1
DA:41,1
DA:42,1
DA:46,1
LF:21
LH:21
BRDA:21,1,0,0
BRDA:21,1,1,3
BRDA:21,2,0,3
BRDA:21,2,1,3
BRDA:26,3,0,1
BRDA:26,3,1,1
BRF:6
BRH:5
end_of_record
TN:
SF:/home/ced/Projects/css/fast-food-fast/dist/routes/index.js
FN:11,get
FN:20,get
FN:29,get
FN:38,get
FN:43,_interopRequireDefault
FNF:5
FNH:5
FNDA:1,get
FNDA:1,get
FNDA:1,get
FNDA:1,get
FNDA:4,_interopRequireDefault
DA:3,1
DA:7,1
DA:9,1
DA:12,1
DA:16,1
DA:18,1
DA:21,1
DA:25,1
DA:27,1
DA:30,1
DA:34,1
DA:36,1
DA:39,1
DA:43,4
LF:14
LH:14
BRDA:43,1,0,4
BRDA:43,1,1,0
BRDA:43,2,0,4
BRDA:43,2,1,4
BRF:4
BRH:3
end_of_record
TN:
SF:/home/ced/Projects/css/fast-food-fast/dist/routes/auth.js
FN:11,_interopRequireDefault
FNF:1
FNH:1
FNDA:1,_interopRequireDefault
DA:3,1
DA:7,1
DA:9,1
DA:11,1
DA:13,1
DA:15,1
LF:6
LH:6
BRDA:11,1,0,0
BRDA:11,1,1,1
BRDA:11,2,0,1
BRDA:11,2,1,1
BRF:4
BRH:3
end_of_record
TN:
SF:/home/ced/Projects/css/fast-food-fast/dist/routes/menu.js
FN:11,_interopRequireDefault
FNF:1
FNH:1
FNDA:1,_interopRequireDefault
DA:3,1
DA:7,1
DA:9,1
DA:11,1
DA:13,1
DA:15,1
LF:6
LH:6
BRDA:11,1,0,0
BRDA:11,1,1,1
BRDA:11,2,0,1
BRDA:11,2,1,1
BRF:4
BRH:3
end_of_record
TN:
SF:/home/ced/Projects/css/fast-food-fast/dist/routes/order.js
FN:21,_interopRequireDefault
FN:31,(anonymous_2)
FN:46,(anonymous_3)
FN:58,(anonymous_4)
FN:71,(anonymous_5)
FN:84,(anonymous_6)
FNF:6
FNH:5
FNDA:3,_interopRequireDefault
FNDA:1,(anonymous_2)
FNDA:2,(anonymous_3)
FNDA:1,(anonymous_4)
FNDA:0,(anonymous_5)
FNDA:1,(anonymous_6)
DA:3,1
DA:7,1
DA:9,1
DA:11,1
DA:13,1
DA:15,1
DA:17,1
DA:19,1
DA:21,3
DA:23,1
DA:26,1
DA:31,1
DA:32,1
DA:39,1
DA:40,1
DA:46,1
DA:48,2
DA:50,1
DA:52,1
DA:58,1
DA:60,1
DA:62,1
DA:63,1
DA:65,1
DA:71,1
DA:73,0
DA:76,0
DA:77,0
DA:78,0
DA:84,1
DA:86,1
DA:89,1
DA:90,1
DA:93,1
LF:34
LH:30
BRDA:21,1,0,2
BRDA:21,1,1,1
BRDA:21,2,0,3
BRDA:21,2,1,3
BRDA:39,3,0,0
BRDA:39,3,1,1
BRDA:48,4,0,1
BRDA:48,4,1,1
BRDA:63,5,0,0
BRDA:63,5,1,1
BRDA:77,6,0,0
BRDA:77,6,1,0
BRF:12
BRH:8
end_of_record
TN:
SF:/home/ced/Projects/css/fast-food-fast/dist/helpers/index.js
FN:11,get
FN:20,get
FN:25,_interopRequireDefault
FNF:3
FNH:3
FNDA:1,get
FNDA:4,get
FNDA:5,_interopRequireDefault
DA:3,1
DA:7,1
DA:9,1
DA:12,1
DA:16,1
DA:18,1
DA:21,4
DA:25,5
LF:8
LH:8
BRDA:25,1,0,5
BRDA:25,1,1,0
BRDA:25,2,0,5
BRDA:25,2,1,5
BRF:4
BRH:3
end_of_record
TN:
SF:/home/ced/Projects/css/fast-food-fast/dist/helpers/generator.js
FN:16,generator
FNF:1
FNH:1
FNDA:1,generator
DA:3,1
DA:7,1
DA:10,1
DA:13,1
DA:16,1
DA:18,1
DA:20,12
DA:22,12
DA:25,12
DA:28,1
DA:31,1
DA:34,1
DA:37,1
LF:13
LH:13
BRF:0
BRH:0
end_of_record
TN:
SF:/home/ced/Projects/css/fast-food-fast/dist/helpers/empty.js
FN:7,(anonymous_1)
FN:7,(anonymous_2)
FN:13,isEmpty
FNF:3
FNH:2
FNDA:3,(anonymous_1)
FNDA:0,(anonymous_2)
FNDA:4,isEmpty
DA:3,1
DA:7,3
DA:13,1
DA:14,4
DA:15,0
DA:18,4
DA:19,3
DA:20,1
DA:23,3
DA:26,1
LF:10
LH:9
BRDA:7,1,0,1
BRDA:7,1,1,0
BRDA:7,2,0,1
BRDA:7,2,1,1
BRDA:7,3,0,0
BRDA:7,3,1,0
BRDA:7,4,0,0
BRDA:7,4,1,0
BRDA:7,4,2,0
BRDA:7,4,3,0
BRDA:14,5,0,0
BRDA:14,5,1,4
BRDA:14,6,0,4
BRDA:14,6,1,1
BRDA:18,7,0,3
BRDA:18,7,1,1
BRDA:18,8,0,1
BRDA:18,8,1,3
BRDA:19,9,0,1
BRDA:19,9,1,2
BRF:20
BRH:12
end_of_record
TN:
SF:/home/ced/Projects/css/fast-food-fast/dist/store.js
FN:7,(anonymous_1)
FN:7,defineProperties
FN:7,(anonymous_3)
FN:17,_interopRequireDefault
FN:19,_classCallCheck
FN:21,(anonymous_6)
FN:22,Store
FN:37,storeOrder
FN:64,showAllOrders
FN:73,showSpecificOrder
FN:74,(anonymous_11)
FN:85,updateSpecificOrder
FN:87,(anonymous_13)
FN:121,deleteSpecificOrder
FN:123,(anonymous_15)
FN:133,generateUid
FNF:16
FNH:14
FNDA:1,(anonymous_1)
FNDA:2,defineProperties
FNDA:1,(anonymous_3)
FNDA:2,_interopRequireDefault
FNDA:2,_classCallCheck
FNDA:1,(anonymous_6)
FNDA:2,Store
FNDA:1,storeOrder
FNDA:3,showAllOrders
FNDA:1,showSpecificOrder
FNDA:1,(anonymous_11)
FNDA:0,updateSpecificOrder
FNDA:0,(anonymous_13)
FNDA:1,deleteSpecificOrder
FNDA:2,(anonymous_15)
FNDA:1,generateUid
DA:3,1
DA:7,6
DA:9,1
DA:11,1
DA:13,1
DA:15,1
DA:17,2
DA:19,2
DA:21,1
DA:22,1
DA:23,2
DA:25,2
DA:31,1
DA:39,1
DA:56,1
DA:57,1
DA:65,3
DA:74,1
DA:75,1
DA:77,1
DA:87,0
DA:88,0
DA:92,0
DA:95,0
DA:112,0
DA:113,0
DA:123,1
DA:124,2
DA:128,1
DA:129,1
DA:134,1
DA:138,1
DA:141,1
LF:33
LH:27
BRDA:7,1,0,6
BRDA:7,1,1,6
BRDA:7,2,0,6
BRDA:7,2,1,0
BRDA:7,3,0,1
BRDA:7,3,1,0
BRDA:7,4,0,1
BRDA:7,4,1,0
BRDA:17,5,0,2
BRDA:17,5,1,0
BRDA:17,6,0,2
BRDA:17,6,1,2
BRDA:19,7,0,0
BRDA:19,7,1,2
BRF:14
BRH:9
end_of_record
TN:
SF:/home/ced/Projects/css/fast-food-fast/dist/fakeData.js
FNF:0
FNH:0
DA:3,1
DA:6,1
LF:2
LH:2
BRF:0
BRH:0
end_of_record
TN:
SF:/home/ced/Projects/css/fast-food-fast/dist/db/index.js
FN:13,_interopRequireDefault
FN:19,selectAll
FN:22,(anonymous_3)
FN:23,(anonymous_4)
FN:33,selectById
FN:36,(anonymous_6)
FN:37,(anonymous_7)
FN:47,selectByEmailPassword
FN:50,(anonymous_9)
FN:51,(anonymous_10)
FN:61,updateById
FN:62,(anonymous_12)
FN:63,(anonymous_13)
FN:73,insert
FN:74,(anonymous_15)
FN:75,(anonymous_16)
FNF:16
FNH:1
FNDA:1,_interopRequireDefault
FNDA:0,selectAll
FNDA:0,(anonymous_3)
FNDA:0,(anonymous_4)
FNDA:0,selectById
FNDA:0,(anonymous_6)
FNDA:0,(anonymous_7)
FNDA:0,selectByEmailPassword
FNDA:0,(anonymous_9)
FNDA:0,(anonymous_10)
FNDA:0,updateById
FNDA:0,(anonymous_12)
FNDA:0,(anonymous_13)
FNDA:0,insert
FNDA:0,(anonymous_15)
FNDA:0,(anonymous_16)
DA:3,1
DA:7,1
DA:9,1
DA:11,1
DA:13,1
DA:15,1
DA:19,1
DA:20,0
DA:22,0
DA:23,0
DA:24,0
DA:25,0
DA:26,0
DA:33,1
DA:34,0
DA:36,0
DA:37,0
DA:38,0
DA:39,0
DA:40,0
DA:47,1
DA:48,0
DA:50,0
DA:51,0
DA:52,0
DA:53,0
DA:54,0
DA:61,1
DA:62,0
DA:63,0
DA:64,0
DA:65,0
DA:66,0
DA:73,1
DA:74,0
DA:75,0
DA:76,0
DA:77,0
DA:78,0
DA:83,1
DA:91,1
LF:41
LH:13
BRDA:13,1,0,1
BRDA:13,1,1,0
BRDA:13,2,0,1
BRDA:13,2,1,1
BRF:4
BRH:3
end_of_record
TN:
SF:/home/ced/Projects/css/fast-food-fast/dist/config/index.js
FNF:0
FNH:0
DA:3,1
DA:6,1
DA:18,1
LF:3
LH:3
BRF:0
BRH:0
end_of_record
TN:
SF:/home/ced/Projects/css/fast-food-fast/dist/routes/users.js
FN:11,_interopRequireDefault
FN:18,(anonymous_2)
FNF:2
FNH:2
FNDA:1,_interopRequireDefault
FNDA:1,(anonymous_2)
DA:3,1
DA:7,1
DA:9,1
DA:11,1
DA:13,1
DA:18,1
DA:19,1
DA:21,1
DA:24,1
LF:9
LH:9
BRDA:11,1,0,0
BRDA:11,1,1,1
BRDA:11,2,0,1
BRDA:11,2,1,1
BRF:4
BRH:3
end_of_record
